2022-05-06 21:30:42.723 - INFO - 21284 - azureml.train.automl._experiment_drivers.driver_utilities.modify_run_configuration:199 - Package azureml-train-automl missing from dependencies file.
2022-05-06 21:30:42.723 - INFO - 21284 - azureml.train.automl._experiment_drivers.driver_utilities.modify_run_configuration:205 - Using pinned version: azureml-train-automl==1.21.0.*
2022-05-06 21:30:42.724 - INFO - 21284 - azureml.train.automl._experiment_drivers.driver_utilities.modify_run_configuration:199 - Package pandas missing from dependencies file.
2022-05-06 21:30:42.724 - INFO - 21284 - azureml.train.automl._experiment_drivers.driver_utilities.modify_run_configuration:205 - Using pinned version: pandas==0.25.1
2022-05-06 21:30:42.724 - INFO - 21284 - azureml.train.automl._experiment_drivers.driver_utilities.modify_run_configuration:199 - Package psutil missing from dependencies file.
2022-05-06 21:30:42.725 - INFO - 21284 - azureml.train.automl._experiment_drivers.driver_utilities.modify_run_configuration:205 - Using pinned version: psutil>5.0.0,<6.0.0
2022-05-06 21:30:42.725 - INFO - 21284 - azureml.train.automl._experiment_drivers.driver_utilities.modify_run_configuration:199 - Package scikit-learn missing from dependencies file.
2022-05-06 21:30:42.725 - INFO - 21284 - azureml.train.automl._experiment_drivers.driver_utilities.modify_run_configuration:205 - Using pinned version: scikit-learn==0.22.1
2022-05-06 21:30:42.725 - INFO - 21284 - azureml.train.automl._experiment_drivers.driver_utilities.modify_run_configuration:199 - Package numpy missing from dependencies file.
2022-05-06 21:30:42.725 - INFO - 21284 - azureml.train.automl._experiment_drivers.driver_utilities.modify_run_configuration:205 - Using pinned version: numpy~=1.18.0
2022-05-06 21:30:42.726 - INFO - 21284 - azureml.train.automl._experiment_drivers.driver_utilities.modify_run_configuration:199 - Package py-xgboost missing from dependencies file.
2022-05-06 21:30:42.739 - INFO - 21284 - azureml.train.automl._experiment_drivers.driver_utilities.modify_run_configuration:205 - Using pinned version: py-xgboost<=0.90
2022-05-06 21:30:42.740 - INFO - 21284 - azureml.train.automl._experiment_drivers.driver_utilities.modify_run_configuration:199 - Package inference-schema missing from dependencies file.
2022-05-06 21:30:42.740 - INFO - 21284 - azureml.train.automl._experiment_drivers.driver_utilities.modify_run_configuration:199 - Package fbprophet missing from dependencies file.
2022-05-06 21:30:42.740 - INFO - 21284 - azureml.train.automl._experiment_drivers.driver_utilities.modify_run_configuration:205 - Using pinned version: fbprophet==0.5
2022-05-06 21:30:42.742 - INFO - 21284 - azureml.train.automl._experiment_drivers.driver_utilities.modify_run_configuration:199 - Package setuptools-git missing from dependencies file.
2022-05-06 21:30:42.751 - INFO - 21284 - azureml.train.automl._experiment_drivers.driver_utilities.validate_input:120 - Start data validation.
2022-05-06 21:30:46.031 - INFO - 21284 - azureml.train.automl._experiment_drivers.driver_utilities.validate_input:133 - Validation service found the data has no errors.
2022-05-06 21:30:46.031 - INFO - 21284 - azureml.train.automl._experiment_drivers.driver_utilities.create_parent_run_for_remote:469 - Start creating parent run.
2022-05-06 21:30:47.962 - INFO - 21284 - azureml.train.automl._experiment_drivers.driver_utilities.create_parent_run_for_remote:488 - [ParentRunID:AutoML_8f343077-e94a-425e-86fd-c0fe3d8a032a] Remote run using input X and y.
2022-05-06 21:30:50.179 - INFO - 21284 - azureml.train.automl._experiment_drivers.driver_utilities.create_parent_run_for_remote:508 - Parent Run ID: AutoML_8f343077-e94a-425e-86fd-c0fe3d8a032a
2022-05-06 21:30:50.182 - INFO - 21284 - azureml.train.automl._experiment_drivers.driver_utilities.fit_remote_core:424 - Starting a snapshot run (snapshot_id : None)
